20:09:41.77 CST | INFO     | ==================================================
20:09:41.77 CST | INFO     | Date     : February 15, 2024
20:09:41.77 CST | INFO     | Analytic : Journal Entry Testing
20:09:41.77 CST | INFO     | Reviewer : Molly Meehan
20:09:41.77 CST | INFO     | Preparer : Lucas Nelson
20:09:41.77 CST | INFO     | ==================================================
20:09:41.77 CST | DEBUG    | (load_data) Loading in data from {path}
20:09:41.78 CST | SUCCESS  | (load_data) Completed (0.01s)
20:09:41.78 CST | DEBUG    | (load_data) Loading in data from {path}
20:09:42.50 CST | SUCCESS  | (load_data) Completed (0.72s)
20:09:42.50 CST | DEBUG    | (load_data) Loading in data from {path}
20:09:46.12 CST | SUCCESS  | (load_data) Completed (3.61s)
20:09:46.12 CST | DEBUG    | (clean_data) Cleaning data: {data}
20:09:48.81 CST | SUCCESS  | (clean_data) Completed (2.69s)
20:09:48.81 CST | DEBUG    | (clean_data) Cleaning data: {data}
20:09:51.89 CST | SUCCESS  | (clean_data) Completed (3.08s)
20:09:51.89 CST | DEBUG    | (clean_data) Cleaning data: {data}
20:09:53.58 CST | SUCCESS  | (clean_data) Completed (1.69s)
20:09:53.58 CST | DEBUG    | (custom_function) Removing AR transaction types
20:09:57.00 CST | SUCCESS  | (custom_function) Completed (3.42s)
20:09:57.00 CST | DEBUG    | (write_data) Writing {data} to {path}
20:09:58.89 CST | SUCCESS  | (write_data) Completed (1.89s)
20:09:58.90 CST | DEBUG    | (write_data) Writing {data} to {path}
20:10:00.31 CST | SUCCESS  | (write_data) Completed (1.42s)
20:10:00.31 CST | DEBUG    | (write_data) Writing {data} to {path}
20:10:05.26 CST | SUCCESS  | (write_data) Completed (4.95s)
20:10:05.27 CST | INFO     | ==================================================
20:10:05.27 CST | INFO     | Script completed in 23.49s
20:10:05.27 CST | INFO     | ERROR 0	WARNING 0	SUCCESS 10
20:10:05.27 CST | INFO     | ==================================================
